[2024-09-17T19:22:16.728Z] info: docker.yaml was copied to the config folder
[2024-09-17T19:22:16.731Z] info: kubernetes.yaml was copied to the config folder
[2024-09-17T19:22:16.732Z] info: services.yaml was copied to the config folder
[2024-09-17T19:22:16.734Z] info: bookmarks.yaml was copied to the config folder
[2024-09-17T19:22:16.736Z] info: widgets.yaml was copied to the config folder
[2024-09-17T19:27:09.829Z] info: custom.css was copied to the config folder
[2024-09-17T19:27:09.830Z] info: custom.js was copied to the config folder
[2024-09-17T19:57:00.184Z] info: [36mwait[39m  - compiling /api/bookmarks (client and server)...
[2024-09-17T19:57:00.188Z] info: [36mwait[39m  - compiling /api/validate (client and server)...
[2024-09-17T19:57:00.189Z] info: [36mwait[39m  - compiling /api/releases (client and server)...
[2024-09-17T19:57:00.211Z] info: [35mevent[39m - compiled successfully in 27 ms (69 modules)
[2024-09-17T19:57:00.243Z] info: [35mevent[39m - compiled successfully (72 modules)
[2024-09-17T19:57:02.987Z] info: [36mwait[39m  - compiling / (client and server)...
[2024-09-17T19:57:15.796Z] info: [35mevent[39m - compiled client and server successfully in 12.8s (1562 modules)
[2024-09-17T19:57:16.569Z] warn: Do not add stylesheets using next/head (see <link rel="stylesheet"> tag with href="/api/config/custom.css"). Use Document instead. 
See more info here: https://nextjs.org/docs/messages/no-stylesheets-in-head-component
[2024-09-17T19:57:16.656Z] info: [36mwait[39m  - compiling /api/config/[path] (client and server)...
[2024-09-17T19:57:16.745Z] info: [35mevent[39m - compiled successfully in 88 ms (352 modules)
[2024-09-17T19:57:18.661Z] info: [36mwait[39m  - compiling /_error (client and server)...
[2024-09-17T19:57:18.955Z] info: [35mevent[39m - compiled client and server successfully in 293 ms (1564 modules)
